<?xml version="1.0" encoding="UTF-8"?>
<testsuite name="com.example.accountbook.Service.CalendarServiceTest" tests="2" skipped="0" failures="0" errors="0" timestamp="2024-03-06T12:23:54" hostname="bagsujins-MacBook-Air.local" time="0.011">
  <properties/>
  <testcase name="toDTO()" classname="com.example.accountbook.Service.CalendarServiceTest" time="0.009"/>
  <testcase name="monthlyTotal()" classname="com.example.accountbook.Service.CalendarServiceTest" time="0.001"/>
  <system-out><![CDATA[]]></system-out>
  <system-err><![CDATA[]]></system-err>
</testsuite>
