<?xml version="1.0" encoding="UTF-8"?>
<testsuite name="com.example.accountbook.Service.CalendarServiceTest" tests="2" skipped="0" failures="0" errors="0" timestamp="2024-03-09T04:23:36" hostname="ichaehwaui-MacBookAir.local" time="0.03">
  <properties/>
  <testcase name="toDTO()" classname="com.example.accountbook.Service.CalendarServiceTest" time="0.024"/>
  <testcase name="monthlyTotal()" classname="com.example.accountbook.Service.CalendarServiceTest" time="0.003"/>
  <system-out><![CDATA[]]></system-out>
  <system-err><![CDATA[]]></system-err>
</testsuite>
