<?xml version="1.0" encoding="UTF-8"?>
<testsuite name="com.example.accountbook.Service.CalendarServiceTest" tests="2" skipped="0" failures="0" errors="0" timestamp="2024-03-06T11:32:45" hostname="Myakaron-MacBook-Air.local" time="0.017">
  <properties/>
  <testcase name="toDTO()" classname="com.example.accountbook.Service.CalendarServiceTest" time="0.014"/>
  <testcase name="monthlyTotal()" classname="com.example.accountbook.Service.CalendarServiceTest" time="0.002"/>
  <system-out><![CDATA[]]></system-out>
  <system-err><![CDATA[]]></system-err>
</testsuite>
